<?xml version="1.0" encoding="UTF-8" ?>
<testsuite tests="10" failures="0" name="zenika.smells.mf.primitive.exo1.CreneauHoraireTest" time="0.458" errors="0" skipped="0">
  <properties>
    <property name="java.runtime.name" value="Java(TM) SE Runtime Environment"/>
    <property name="sun.boot.library.path" value="C:\Program Files\Java\jdk1.8.0_60\jre\bin"/>
    <property name="java.vm.version" value="25.60-b23"/>
    <property name="java.vm.vendor" value="Oracle Corporation"/>
    <property name="java.vendor.url" value="http://java.oracle.com/"/>
    <property name="path.separator" value=";"/>
    <property name="java.vm.name" value="Java HotSpot(TM) 64-Bit Server VM"/>
    <property name="file.encoding.pkg" value="sun.io"/>
    <property name="user.script" value=""/>
    <property name="user.country" value="FR"/>
    <property name="sun.java.launcher" value="SUN_STANDARD"/>
    <property name="sun.os.patch.level" value=""/>
    <property name="java.vm.specification.name" value="Java Virtual Machine Specification"/>
    <property name="user.dir" value="C:\Users\Guillaume\workspaces\repo_github\mini-clean-code\workspaces\smells-mf-primitive-end"/>
    <property name="java.runtime.version" value="1.8.0_60-b27"/>
    <property name="java.awt.graphicsenv" value="sun.awt.Win32GraphicsEnvironment"/>
    <property name="basedir" value="C:\Users\Guillaume\workspaces\repo_github\mini-clean-code\workspaces\smells-mf-primitive-end"/>
    <property name="java.endorsed.dirs" value="C:\Program Files\Java\jdk1.8.0_60\jre\lib\endorsed"/>
    <property name="os.arch" value="amd64"/>
    <property name="surefire.real.class.path" value="C:\Users\GUILLA~1\AppData\Local\Temp\surefirebooter6785362871136325277.jar"/>
    <property name="java.io.tmpdir" value="C:\Users\GUILLA~1\AppData\Local\Temp\"/>
    <property name="line.separator" value="
"/>
    <property name="java.vm.specification.vendor" value="Oracle Corporation"/>
    <property name="user.variant" value=""/>
    <property name="os.name" value="Windows 10"/>
    <property name="sun.jnu.encoding" value="Cp1252"/>
    <property name="java.library.path" value="C:\Program Files\Java\jdk1.8.0_60\jre\bin;C:\WINDOWS\Sun\Java\bin;C:\WINDOWS\system32;C:\WINDOWS;C:\Users\Guillaume\bin;C:\Program Files\Git\mingw64\bin;C:\Program Files\Git\usr\local\bin;C:\Program Files\Git\usr\bin;C:\Program Files\Git\usr\bin;C:\Program Files\Git\mingw64\bin;C:\Program Files\Git\usr\bin;C:\developpement\outils\python27;C:\developpement\outils\python27\Scripts;C:\Program Files (x86)\EasyPHP-DevServer-14.1VC11\binaries\php\php_runningversion;C:\ProgramData\Oracle\Java\javapath;C:\Program Files (x86)\Lenovo\FusionEngine;C:\Program Files (x86)\Intel\iCLS Client;C:\Program Files\Intel\iCLS Client;C:\WINDOWS\system32;C:\WINDOWS;C:\WINDOWS\System32\Wbem;C:\WINDOWS\System32\WindowsPowerShell\v1.0;C:\Program Files\Intel\Intel(R) Management Engine Components\DAL;C:\Program Files (x86)\Intel\Intel(R) Management Engine Components\DAL;C:\Program Files\Intel\Intel(R) Management Engine Components\IPT;C:\Program Files (x86)\Intel\Intel(R) Management Engine Components\IPT;C:\Program Files\Intel\WiFi\bin;C:\Program Files\Common Files\Intel\WirelessCommon;C:\Program Files (x86)\Lenovo\Motion Control;C:\Program Files\nodejs;C:\Program Files\Microsoft SQL Server\110\Tools\Binn;C:\Program Files (x86)\Skype\Phone;C:\Program Files\Calibre2;C:\developpement\outils\JPM4J\bin;C:\developpement\outils\JPM4J\bin;C:\Users\Guillaume\AppData\Local\Programs\Python\Python35\Scripts;C:\Ruby22-x64\bin;C:\Users\Guillaume\AppData\Roaming\npm;C:\Program Files\Java\jdk1.8.0_60;C:\developpement\outils\maven\apache-maven-2.2.1\bin;C:\developpement\outils\python27\python.exe;C:\Users\Guillaume\AppData\Roaming\Dashlane\4.0.0.98750\bin\Firefox_Extension\{442718d9-475e-452a-b3e1-fb1ee16b8e9f}\components;C:\Users\Guillaume\AppData\Roaming\Dashlane\4.0.1.98943\bin\Firefox_Extension\{442718d9-475e-452a-b3e1-fb1ee16b8e9f}\components;C:\Program Files\Git\usr\bin\vendor_perl;C:\Program Files\Git\usr\bin\core_perl;."/>
    <property name="surefire.test.class.path" value="C:\Users\Guillaume\workspaces\repo_github\mini-clean-code\workspaces\smells-mf-primitive-end\target\test-classes;C:\Users\Guillaume\workspaces\repo_github\mini-clean-code\workspaces\smells-mf-primitive-end\target\classes;C:\Users\Guillaume\.m2\repository\junit\junit\4.12\junit-4.12.jar;C:\Users\Guillaume\.m2\repository\org\hamcrest\hamcrest-core\1.3\hamcrest-core-1.3.jar;C:\Users\Guillaume\.m2\repository\org\mockito\mockito-core\2.0.31-beta\mockito-core-2.0.31-beta.jar;C:\Users\Guillaume\.m2\repository\net\bytebuddy\byte-buddy\0.6.14\byte-buddy-0.6.14.jar;C:\Users\Guillaume\.m2\repository\org\objenesis\objenesis\2.1\objenesis-2.1.jar;"/>
    <property name="java.specification.name" value="Java Platform API Specification"/>
    <property name="java.class.version" value="52.0"/>
    <property name="sun.management.compiler" value="HotSpot 64-Bit Tiered Compilers"/>
    <property name="os.version" value="10.0"/>
    <property name="user.home" value="C:\Users\Guillaume"/>
    <property name="user.timezone" value="Europe/Paris"/>
    <property name="java.awt.printerjob" value="sun.awt.windows.WPrinterJob"/>
    <property name="java.specification.version" value="1.8"/>
    <property name="file.encoding" value="Cp1252"/>
    <property name="user.name" value="Guillaume"/>
    <property name="java.class.path" value="C:\Users\Guillaume\workspaces\repo_github\mini-clean-code\workspaces\smells-mf-primitive-end\target\test-classes;C:\Users\Guillaume\workspaces\repo_github\mini-clean-code\workspaces\smells-mf-primitive-end\target\classes;C:\Users\Guillaume\.m2\repository\junit\junit\4.12\junit-4.12.jar;C:\Users\Guillaume\.m2\repository\org\hamcrest\hamcrest-core\1.3\hamcrest-core-1.3.jar;C:\Users\Guillaume\.m2\repository\org\mockito\mockito-core\2.0.31-beta\mockito-core-2.0.31-beta.jar;C:\Users\Guillaume\.m2\repository\net\bytebuddy\byte-buddy\0.6.14\byte-buddy-0.6.14.jar;C:\Users\Guillaume\.m2\repository\org\objenesis\objenesis\2.1\objenesis-2.1.jar;"/>
    <property name="java.vm.specification.version" value="1.8"/>
    <property name="sun.arch.data.model" value="64"/>
    <property name="java.home" value="C:\Program Files\Java\jdk1.8.0_60\jre"/>
    <property name="sun.java.command" value="C:\Users\GUILLA~1\AppData\Local\Temp\surefirebooter6785362871136325277.jar C:\Users\GUILLA~1\AppData\Local\Temp\surefire4189540896911856682tmp C:\Users\GUILLA~1\AppData\Local\Temp\surefire8844169604412892088tmp"/>
    <property name="java.specification.vendor" value="Oracle Corporation"/>
    <property name="user.language" value="fr"/>
    <property name="awt.toolkit" value="sun.awt.windows.WToolkit"/>
    <property name="java.vm.info" value="mixed mode"/>
    <property name="java.version" value="1.8.0_60"/>
    <property name="java.ext.dirs" value="C:\Program Files\Java\jdk1.8.0_60\jre\lib\ext;C:\WINDOWS\Sun\Java\lib\ext"/>
    <property name="sun.boot.class.path" value="C:\Program Files\Java\jdk1.8.0_60\jre\lib\resources.jar;C:\Program Files\Java\jdk1.8.0_60\jre\lib\rt.jar;C:\Program Files\Java\jdk1.8.0_60\jre\lib\sunrsasign.jar;C:\Program Files\Java\jdk1.8.0_60\jre\lib\jsse.jar;C:\Program Files\Java\jdk1.8.0_60\jre\lib\jce.jar;C:\Program Files\Java\jdk1.8.0_60\jre\lib\charsets.jar;C:\Program Files\Java\jdk1.8.0_60\jre\lib\jfr.jar;C:\Program Files\Java\jdk1.8.0_60\jre\classes"/>
    <property name="java.vendor" value="Oracle Corporation"/>
    <property name="localRepository" value="C:\Users\Guillaume\.m2\repository"/>
    <property name="file.separator" value="\"/>
    <property name="java.vendor.url.bug" value="http://bugreport.sun.com/bugreport/"/>
    <property name="sun.cpu.endian" value="little"/>
    <property name="sun.io.unicode.encoding" value="UnicodeLittle"/>
    <property name="sun.desktop" value="windows"/>
    <property name="sun.cpu.isalist" value="amd64"/>
  </properties>
  <testcase classname="zenika.smells.mf.primitive.exo1.CreneauHoraireTest" name="un_creneau_chevauchant_le_bord_droit_devrait_chevaucher" time="0.002"/>
  <testcase classname="zenika.smells.mf.primitive.exo1.CreneauHoraireTest" name="un_creneau_strictement_posterieur_ne_devrait_pas_chevaucher" time="0"/>
  <testcase classname="zenika.smells.mf.primitive.exo1.CreneauHoraireTest" name="un_creneau_chevauchant_le_bord_gauche_devrait_chevaucher" time="0"/>
  <testcase classname="zenika.smells.mf.primitive.exo1.CreneauHoraireTest" name="un_creneau_dont_la_fin_est_anterieure_au_debut_devrait_etre_rejete" time="0"/>
  <testcase classname="zenika.smells.mf.primitive.exo1.CreneauHoraireTest" name="un_creneau_vide_devrait_etre_rejete" time="0"/>
  <testcase classname="zenika.smells.mf.primitive.exo1.CreneauHoraireTest" name="un_creneau_strictement_inclus_devrait_chevaucher" time="0"/>
  <testcase classname="zenika.smells.mf.primitive.exo1.CreneauHoraireTest" name="un_creneau_frolant_le_bord_gauche_ne_devrait_pas_chevaucher" time="0"/>
  <testcase classname="zenika.smells.mf.primitive.exo1.CreneauHoraireTest" name="un_creneau_frolant_le_bord_droit_ne_devrait_pas_chevaucher" time="0"/>
  <testcase classname="zenika.smells.mf.primitive.exo1.CreneauHoraireTest" name="deux_creneaux_a_des_jours_differents_ne_devraient_pas_se_chevaucher" time="0"/>
  <testcase classname="zenika.smells.mf.primitive.exo1.CreneauHoraireTest" name="un_creneau_strictement_anterieur_ne_devrait_pas_chevaucher" time="0"/>
</testsuite>